0 info it worked if it ends with ok
1 verbose cli [ '/usr/local/Cellar/node/0.10.22/bin/node',
1 verbose cli   '/usr/local/bin/npm',
1 verbose cli   'install' ]
2 info using npm@1.3.14
3 info using node@v0.10.22
4 warn package.json steam-library-length@ No repository field.
5 verbose readDependencies using package.json deps
6 verbose install where, deps [ '/Users/taylor/Git/SteamLibraryLength',
6 verbose install   [ 'react-router-component',
6 verbose install     'react-flux',
6 verbose install     'react',
6 verbose install     'bluebird',
6 verbose install     'bootstrap-material-design',
6 verbose install     'webpack',
6 verbose install     'webpack-dev-server',
6 verbose install     'react-hot-loader',
6 verbose install     'cjsx-loader',
6 verbose install     'coffee-loader',
6 verbose install     'coffee-react-transform',
6 verbose install     'expose-loader' ] ]
7 info preinstall steam-library-length@
8 verbose readDependencies using package.json deps
9 verbose already installed skipping react@~> 0.12 /Users/taylor/Git/SteamLibraryLength
10 verbose already installed skipping react-router-component@~> 0.23 /Users/taylor/Git/SteamLibraryLength
11 verbose cache add [ 'react-flux@git+ssh://git@github.com:UberMouse/ReactFlux.git',
11 verbose cache add   null ]
12 verbose cache add name=undefined spec="react-flux@git+ssh://git@github.com:UberMouse/ReactFlux.git" args=["react-flux@git+ssh://git@github.com:UberMouse/ReactFlux.git",null]
13 verbose parsed url { protocol: null,
13 verbose parsed url   slashes: null,
13 verbose parsed url   auth: null,
13 verbose parsed url   host: null,
13 verbose parsed url   port: null,
13 verbose parsed url   hostname: null,
13 verbose parsed url   hash: null,
13 verbose parsed url   search: null,
13 verbose parsed url   query: null,
13 verbose parsed url   pathname: 'react-flux@git+ssh://git@github.com:UberMouse/ReactFlux.git',
13 verbose parsed url   path: 'react-flux@git+ssh://git@github.com:UberMouse/ReactFlux.git',
13 verbose parsed url   href: 'react-flux@git+ssh://git@github.com:UberMouse/ReactFlux.git' }
14 verbose cache add name="react-flux" spec="git+ssh://git@github.com:UberMouse/ReactFlux.git" args=["react-flux","git+ssh://git@github.com:UberMouse/ReactFlux.git"]
15 verbose parsed url { protocol: 'git+ssh:',
15 verbose parsed url   slashes: true,
15 verbose parsed url   auth: 'git',
15 verbose parsed url   host: 'github.com',
15 verbose parsed url   port: null,
15 verbose parsed url   hostname: 'github.com',
15 verbose parsed url   hash: null,
15 verbose parsed url   search: null,
15 verbose parsed url   query: null,
15 verbose parsed url   pathname: '/:UberMouse/ReactFlux.git',
15 verbose parsed url   path: '/:UberMouse/ReactFlux.git',
15 verbose parsed url   href: 'git+ssh://git@github.com/:UberMouse/ReactFlux.git' }
16 verbose already installed skipping bluebird@~> 2.6 /Users/taylor/Git/SteamLibraryLength
17 silly lockFile 42455dae-thub-com-UberMouse-ReactFlux-git git+ssh://git@github.com:UberMouse/ReactFlux.git
18 verbose lock git+ssh://git@github.com:UberMouse/ReactFlux.git /Users/taylor/.npm/42455dae-thub-com-UberMouse-ReactFlux-git.lock
19 verbose cache add [ 'bootstrap-material-design@*', null ]
20 verbose cache add name=undefined spec="bootstrap-material-design@*" args=["bootstrap-material-design@*",null]
21 verbose parsed url { protocol: null,
21 verbose parsed url   slashes: null,
21 verbose parsed url   auth: null,
21 verbose parsed url   host: null,
21 verbose parsed url   port: null,
21 verbose parsed url   hostname: null,
21 verbose parsed url   hash: null,
21 verbose parsed url   search: null,
21 verbose parsed url   query: null,
21 verbose parsed url   pathname: 'bootstrap-material-design@*',
21 verbose parsed url   path: 'bootstrap-material-design@*',
21 verbose parsed url   href: 'bootstrap-material-design@*' }
22 verbose cache add name="bootstrap-material-design" spec="*" args=["bootstrap-material-design","*"]
23 verbose parsed url { protocol: null,
23 verbose parsed url   slashes: null,
23 verbose parsed url   auth: null,
23 verbose parsed url   host: null,
23 verbose parsed url   port: null,
23 verbose parsed url   hostname: null,
23 verbose parsed url   hash: null,
23 verbose parsed url   search: null,
23 verbose parsed url   query: null,
23 verbose parsed url   pathname: '*',
23 verbose parsed url   path: '*',
23 verbose parsed url   href: '*' }
24 verbose addNamed [ 'bootstrap-material-design', '*' ]
25 verbose addNamed [ null, '*' ]
26 silly lockFile 0a30f8cf-bootstrap-material-design bootstrap-material-design@*
27 verbose lock bootstrap-material-design@* /Users/taylor/.npm/0a30f8cf-bootstrap-material-design.lock
28 verbose already installed skipping webpack@~1.4.0 /Users/taylor/Git/SteamLibraryLength
29 verbose already installed skipping webpack-dev-server@1.6.x /Users/taylor/Git/SteamLibraryLength
30 verbose already installed skipping react-hot-loader@* /Users/taylor/Git/SteamLibraryLength
31 verbose already installed skipping coffee-loader@^0.7.2 /Users/taylor/Git/SteamLibraryLength
32 verbose already installed skipping cjsx-loader@^1.1.0 /Users/taylor/Git/SteamLibraryLength
33 verbose already installed skipping coffee-react-transform@^2.1.0 /Users/taylor/Git/SteamLibraryLength
34 verbose already installed skipping expose-loader@* /Users/taylor/Git/SteamLibraryLength
35 verbose addRemoteGit [ 'git@github.com:UberMouse/ReactFlux.git', 'master' ]
36 silly addNameRange { name: 'bootstrap-material-design', range: '*', hasData: false }
37 verbose url raw bootstrap-material-design
38 verbose url resolving [ 'https://registry.npmjs.org/', './bootstrap-material-design' ]
39 verbose url resolved https://registry.npmjs.org/bootstrap-material-design
40 info trying registry request attempt 1 at 12:03:03
41 http GET https://registry.npmjs.org/bootstrap-material-design
42 verbose git remote.origin.url git@github.com:UberMouse/ReactFlux.git
43 http 404 https://registry.npmjs.org/bootstrap-material-design
44 silly registry.get cb [ 404,
44 silly registry.get   { date: 'Thu, 15 Jan 2015 23:03:05 GMT',
44 silly registry.get     server: 'CouchDB/1.5.0 (Erlang OTP/R16B03)',
44 silly registry.get     'content-type': 'application/json',
44 silly registry.get     'cache-control': 'max-age=0',
44 silly registry.get     'content-length': '52',
44 silly registry.get     'accept-ranges': 'bytes',
44 silly registry.get     via: '1.1 varnish',
44 silly registry.get     age: '0',
44 silly registry.get     'x-served-by': 'cache-wlg106-NZ',
44 silly registry.get     'x-cache': 'MISS',
44 silly registry.get     'x-cache-hits': '0',
44 silly registry.get     'x-timer': 'S1421362984.335190,VS0,VE802',
44 silly registry.get     'keep-alive': 'timeout=10, max=50',
44 silly registry.get     connection: 'Keep-Alive' } ]
45 silly lockFile 0a30f8cf-bootstrap-material-design bootstrap-material-design@*
46 silly lockFile 0a30f8cf-bootstrap-material-design bootstrap-material-design@*
47 error 404 'bootstrap-material-design' is not in the npm registry.
47 error 404 You should bug the author to publish it
47 error 404
47 error 404 Note that you can also install from a
47 error 404 tarball, folder, or http url, or git url.
48 error System Darwin 14.0.0
49 error command "/usr/local/Cellar/node/0.10.22/bin/node" "/usr/local/bin/npm" "install"
50 error cwd /Users/taylor/Git/SteamLibraryLength
51 error node -v v0.10.22
52 error npm -v 1.3.14
53 error code E404
54 verbose exit [ 1, true ]
